|=============================================================================|
|                                                                             |
|    WW             WW  WW   WW  WW  WWWWWW      WW      WWWWW    WWWW        |
|     WW    WW     WW   WW   WW  WW     WW      WWWW     WW  WW   WW  WW      |
|      WW  WW WW  WW    WWWWWWW  WW    WW      WW  WW    WWWWW    WW   WW     |
|       WWWW   WWWW     WW   WW  WW   WW      WWWWWWWW   WW  WW   WW  WW      |
|        WW     WW      WW   WW  WW  WWWWWW  WW      WW  WW   WW  WWWW        |
|                                                                             |
|                                                                             |
|                                        W                                    |
|                                       sW                                    |
|                                       WW                                    |
|                                      sWW                                    |
|                                      WWW                                    |
|                                     wWWW                                    |
|                                    wWWWW                                    |
|                                    WW WW                                    |
|                                    WW WW                                    |
|                                   wWW WW                                    |
|                                  wWW  WW                                    |
|                                  WW   WW                                    |
|                                  WW   WW                                    |
|                                 WW    WW                                    |
|                                 WW    WW                                    |
|                                WW     WW                                    |
|                                WW     WW                                    |
|           wwwwww              WW      WW                                    |
|              WWWWWww          WW      WW                                    |
|                 WWWWWwwwww   WW       WW                                    |
|                     wWWWwwwwwWW       WW                                    |
|                 wWWWWWWWWWWwWWW       WW                                    |
|                wWWWWW       wW        WWWWWWW                               |
|                  WWWW       wW        WW  wWWWWWWWwww                       |
|                   WWWW                      wWWWWWWWwwww                    |
|                     WWWW                      WWWW     WWw                  |
|                       WWWWww                   WWWW                         |
|                           WWWwwww              WWWW                         |
|                               wWWWWwww       wWWWWW                         |
|                                     WwwwwwwwwWWW                            |
|                                                                             |
|                                                                             |
|                                                                             |
|  by:   Wolfgang Kilian, Thorsten Ohl, Juergen Reuter                        |
|        with contributions from Christian Speckner                           |
|        Contact: <whizard@desy.de>                                           |
|                                                                             |
|  if you use WHIZARD please cite:                                            |
|        W. Kilian, T. Ohl, J. Reuter,  Eur.Phys.J.C71 (2011) 1742            |
|                                          [arXiv: 0708.4233 [hep-ph]]        |
|        M. Moretti, T. Ohl, J. Reuter, arXiv: hep-ph/0102195                 |
|                                                                             |
|=============================================================================|
|                               WHIZARD 2.2.7
|=============================================================================|
| Reading model file '/scratch/bcho/trunk/_install/develop/share/whizard/models/SM.mdl'
| Preloaded model: SM
| Process library 'default_lib': initialized
| Preloaded library: default_lib
| Reading model file '/scratch/bcho/trunk/_install/develop/share/whizard/models/SM_hadrons.mdl'
| Reading model file '/scratch/bcho/trunk/_install/develop/share/whizard/models/SM_rad.mdl'
| Reading commands from file 'bbww_nlo_small-integrate.sin'
| Including Sindarin from '../../../general_settings.sin'
SM.mW =>  8.037600000000E+01
SM.mZ =>  9.118760000000E+01
SM.GF =>  1.166370000000E-05
SM.wZ =>  2.495200000000E+00
SM.wW =>  2.124000000000E+00
SM.mmu =>  0.000000000000E+00
SM.me =>  0.000000000000E+00
SM.ms =>  0.000000000000E+00
SM.mc =>  0.000000000000E+00
?vis_channels = false
?use_vamp_equivalences = false
?vis_history = false
?diags = false
?alpha_s_is_fixed = false
?alpha_s_from_mz = true
?alpha_s_from_lambda_qcd = false
alpha_s_order = 0
[user variable] K = 1000
checkpoint = 1000
?hepmc_output_cross_section = true
| End of included '../../../general_settings.sin'
| Including Sindarin from '../../process_settings.sin'
alpha_power = 4
alphas_power = 0
sqrts =  5.000000000000E+02
SM.mb =>  4.700000000000E+00
| End of included '../../process_settings.sin'
?nlo_fixed_order = true
?combined_nlo_integration = true
$loop_me_method = "openloops"
| Process library 'default_lib': recorded process 'bbww_nlo'
fks_dij_exp1 =  1.000000000000E+00
fks_mapping_type = 1
seed = 1
| Integrate: current process library needs compilation
| Process library 'default_lib': compiling ...
| Process library 'default_lib': keeping makefile
| Process library 'default_lib': keeping driver
| Process library 'default_lib': active
| Process library 'default_lib': ... success.
| Integrate: compilation done
| QCD alpha: using a running strong coupling
| RNG: Initializing TAO random-number generator
| RNG: Setting seed for random-number generator to 1
| Initializing integration for process bbww_nlo:
| ------------------------------------------------------------------------
| Process [scattering]: 'bbww_nlo'
|   Library name  = 'default_lib'
|   Process index = 1
|   Process components:
|     1: 'bbww_nlo_i1':   e+, e- => W+, W-, b, bbar [omega]
|     2: 'bbww_nlo_i2':   e+, e- => W+, W-, b, bbar, gl [omega], [Real]
|     3: 'bbww_nlo_i3':   e+, e- => W+, W-, b, bbar [openloops], [Virtual]
|     4: 'bbww_nlo_i4':   e+, e- => W+, W-, b, bbar [omega], [Subtraction]
| ------------------------------------------------------------------------
| Beam structure: [any particles]
| Beam data (collision):
|   e+  (mass = 0.0000000E+00 GeV)
|   e-  (mass = 0.0000000E+00 GeV)
|   sqrts = 5.000000000000E+02 GeV
| Phase space: generating configuration ...
| Phase space: ... success.
| Phase space: writing configuration file 'bbww_nlo_i1.phs'
| Phase space: 61 channels, 8 dimensions
| Phase space: found 61 channels, collected in 22 groves.
| Phase space: no equivalences between channels used.
| Phase space: wood
| Phase space: 61 channels, 11 dimensions
| Phase space: found 61 channels, collected in 22 groves.
| Phase space: no equivalences between channels used.
| Phase space: wood
| Phase space: generating configuration ...
| Phase space: ... success.
| Phase space: writing configuration file 'bbww_nlo_i3.phs'
| Phase space: 61 channels, 8 dimensions
| Phase space: found 61 channels, collected in 22 groves.
| Phase space: no equivalences between channels used.
| Phase space: wood
| Phase space: generating configuration ...
| Phase space: ... success.
| Phase space: writing configuration file 'bbww_nlo_i4.phs'
| Phase space: 61 channels, 8 dimensions
| Phase space: found 61 channels, collected in 22 groves.
| Phase space: no equivalences between channels used.
| Phase space: wood
Warning: No cuts have been defined.
| One-Loop-Provider: Using OpenLoops
| Loading library: /data/bcho/OpenLoops/lib/libopenloops.so
| Starting integration for process 'bbww_nlo'
| Integrate: iterations = 2:10000:"gw", 2:10000
| Integrator: 22 chains, 61 channels, 11 dimensions
| Integrator: 10000 initial calls, 20 bins, stratified = T
| Integrator: VAMP
|=============================================================================|
| It      Calls  Integral[fb]  Error[fb]   Err[%]    Acc  Eff[%]   Chi2 N[It] |
|=============================================================================|
******************************************************************************
*** ERROR: ! vamp: Negative integral in channel     11
******************************************************************************
|             (WHIZARD run continues)
   1       9943  1.4739836E+03  8.44E+02   57.24   57.08*   0.77
******************************************************************************
*** ERROR: ! vamp: Negative integral in channel     11
******************************************************************************
|             (WHIZARD run continues)
   2       9912  4.1458177E+02  5.80E+01   13.99   13.93*   0.95
|-----------------------------------------------------------------------------|
   2      19855  4.1956321E+02  5.79E+01   13.79   19.43    0.95    1.57   2
|-----------------------------------------------------------------------------|
******************************************************************************
*** ERROR: ! vamp: Negative integral in channel     11
******************************************************************************
|             (WHIZARD run continues)
   3       9912  4.2651323E+02  9.03E+01   21.18   21.08    0.58
******************************************************************************
*** ERROR: ! vamp: Negative integral in channel     12
******************************************************************************
|             (WHIZARD run continues)
   4       9912  5.1667002E+02  6.04E+01   11.68   11.63*   0.46
|-----------------------------------------------------------------------------|
   4      19824  4.8883013E+02  5.02E+01   10.27   14.46    0.46    0.69   2
|=============================================================================|
| Time estimate for generating 10000 events: 1d:06h:35m:43s
| There were  4 error(s) and   1 warning(s).
| WHIZARD run finished.
|=============================================================================|
