Summary of Powheg veto procedure
alr: 1
Nr. of times no zero point is found: 0
Nr. of alpha_s-veto calls: 175509
Nr. of alpha_s-vetos: 0
Fraction of vetoed points: 0.00
------------------------------------------------------------------------
Nr. of norm-veto calls: 175509
Nr. of norm-vetos: 0
Fraction of vetoed points: 0.00
------------------------------------------------------------------------
Nr. of sqme-veto calls: 175509
Nr. of sqme-vetos: 173230
Fraction of vetoed points: 0.99
------------------------------------------------------------------------
Nr. of upper-bound failures: 0
------------------------------------------------------------------------
alr: 2
Nr. of times no zero point is found: 0
Nr. of alpha_s-veto calls: 209976
Nr. of alpha_s-vetos: 0
Fraction of vetoed points: 0.00
------------------------------------------------------------------------
Nr. of norm-veto calls: 209976
Nr. of norm-vetos: 0
Fraction of vetoed points: 0.00
------------------------------------------------------------------------
Nr. of sqme-veto calls: 209976
Nr. of sqme-vetos: 207603
Fraction of vetoed points: 0.99
------------------------------------------------------------------------
Nr. of upper-bound failures: 0
------------------------------------------------------------------------
Total number of events which radiate a gluon: 4022
