###############################################################################
 Process [scattering]: 'whizard_uu_powheg'
   Run ID        = ''
   Library name  = 'default_lib'
   Process index = 1
   Process components:
     1: 'whizard_uu_powheg_i1':   e+, e- => u, ubar [omega]
     2: 'whizard_uu_powheg_i2':   e+, e- => u, ubar, gl [omega], [Real]
     3: 'whizard_uu_powheg_i3':   e+, e- => u, ubar [gosam], [Virtual]
     4: 'whizard_uu_powheg_i4':   e+, e- => u, ubar [omega], [Subtraction]
------------------------------------------------------------------------
 Variable list: [not shown]
###############################################################################
   Integral   =  7.2710013617E+02
   Error      =  1.8013369399E-01
   Accuracy   =  7.8339178562E-02
   Chi2       =  2.9956723061E-01
   Efficiency =  4.3198486750E-01
   T(10k evt) =  [undefined]
|=============================================================================|
| It      Calls  Integral[fb]  Error[fb]   Err[%]    Acc  Eff[%]   Chi2 N[It] |
|=============================================================================|
   1      20000  7.2339179E+02  3.79E+00    0.52    0.74*  29.09
   2      19999  7.2676330E+02  9.40E-01    0.13    0.18*  47.04
   3      19998  7.2709934E+02  3.79E-01    0.05    0.07*  45.93
   4      19997  7.2719411E+02  2.98E-01    0.04    0.06*  57.17
   5      19996  7.2706365E+02  2.96E-01    0.04    0.06*  43.20
|-----------------------------------------------------------------------------|
   5      99990  7.2710014E+02  1.80E-01    0.02    0.08   43.20    0.30   5
|=============================================================================|
###############################################################################
| Phase-space chain (grove) weight history: (numbers in %)
| chain |   1   2
|=============================================================================|
      1 |  50  50
      2 |  50  50
      3 |  50  50
      4 |  50  50
      5 |  50  50
|=============================================================================|
###############################################################################
 Call statistics (current run): [no calls]
###############################################################################
 MC Integrator is VAMP
------------------------------------------------------------------------
 VAMP history (global):
 Pass #1:
 ------------------------------------------------------------------------------
 [vamp]   it   #calls     integral                 average           chi2  eff.
 ------------------------------------------------------------------------------
 Channel histories: [undefined]
------------------------------------------------------------------------
   No VAMP equivalences have been used
------------------------------------------------------------------------
 Weights of channel chains (groves):
   1 0.5000000000
   2 0.5000000000
###############################################################################
 Beam data (collision):
   e+  (mass = 0.0000000E+00 GeV)
   e-  (mass = 0.0000000E+00 GeV)
   sqrts = 5.000000000000E+02 GeV
###############################################################################
   No cuts used.
------------------------------------------------------------------------
   No scale expression was given.
------------------------------------------------------------------------
   No factorization scale expression was given.
------------------------------------------------------------------------
   No renormalization scale expression was given.
------------------------------------------------------------------------
   No weight expression was given.
###############################################################################
 Summary of quantum-number states:
  + sign: allowed and contributing
  no +  : switched off at runtime
------------------------------------------------------------------------
 Term #1
 + 1  [f(-11) h(-1) / f(11) h(-1) / f(2) c(1 ) h(-1) / f(-2) c(-1 ) h(-1)]
 + 2  [f(-11) h(-1) / f(11) h(-1) / f(2) c(1 ) h(-1) / f(-2) c(-1 ) h(1)]
 + 3  [f(-11) h(-1) / f(11) h(-1) / f(2) c(1 ) h(1) / f(-2) c(-1 ) h(-1)]
 + 4  [f(-11) h(-1) / f(11) h(-1) / f(2) c(1 ) h(1) / f(-2) c(-1 ) h(1)]
 + 5  [f(-11) h(-1) / f(11) h(1) / f(2) c(1 ) h(-1) / f(-2) c(-1 ) h(-1)]
 + 6  [f(-11) h(-1) / f(11) h(1) / f(2) c(1 ) h(-1) / f(-2) c(-1 ) h(1)]
 + 7  [f(-11) h(-1) / f(11) h(1) / f(2) c(1 ) h(1) / f(-2) c(-1 ) h(-1)]
 + 8  [f(-11) h(-1) / f(11) h(1) / f(2) c(1 ) h(1) / f(-2) c(-1 ) h(1)]
 + 9  [f(-11) h(1) / f(11) h(-1) / f(2) c(1 ) h(-1) / f(-2) c(-1 ) h(-1)]
 + 10  [f(-11) h(1) / f(11) h(-1) / f(2) c(1 ) h(-1) / f(-2) c(-1 ) h(1)]
 + 11  [f(-11) h(1) / f(11) h(-1) / f(2) c(1 ) h(1) / f(-2) c(-1 ) h(-1)]
 + 12  [f(-11) h(1) / f(11) h(-1) / f(2) c(1 ) h(1) / f(-2) c(-1 ) h(1)]
 + 13  [f(-11) h(1) / f(11) h(1) / f(2) c(1 ) h(-1) / f(-2) c(-1 ) h(-1)]
 + 14  [f(-11) h(1) / f(11) h(1) / f(2) c(1 ) h(-1) / f(-2) c(-1 ) h(1)]
 + 15  [f(-11) h(1) / f(11) h(1) / f(2) c(1 ) h(1) / f(-2) c(-1 ) h(-1)]
 + 16  [f(-11) h(1) / f(11) h(1) / f(2) c(1 ) h(1) / f(-2) c(-1 ) h(1)]
------------------------------------------------------------------------
 Term #2
 + 1  [f(-11) h(-1) / f(11) h(-1) / f(2) c(1 ) h(-1) / f(-2) c(-2 ) h(-1) / f(21) c(2 -1) h(-1)]
 + 3  [f(-11) h(-1) / f(11) h(-1) / f(2) c(1 ) h(-1) / f(-2) c(-2 ) h(-1) / f(21) c(2 -1) h(1)]
 + 2  [f(-11) h(-1) / f(11) h(-1) / f(2) c(1 ) h(-1) / f(-2) c(-1 ) h(-1) / f(21) c* h(-1)]
 + 4  [f(-11) h(-1) / f(11) h(-1) / f(2) c(1 ) h(-1) / f(-2) c(-1 ) h(-1) / f(21) c* h(1)]
 + 5  [f(-11) h(-1) / f(11) h(-1) / f(2) c(1 ) h(-1) / f(-2) c(-2 ) h(1) / f(21) c(2 -1) h(-1)]
 + 7  [f(-11) h(-1) / f(11) h(-1) / f(2) c(1 ) h(-1) / f(-2) c(-2 ) h(1) / f(21) c(2 -1) h(1)]
 + 6  [f(-11) h(-1) / f(11) h(-1) / f(2) c(1 ) h(-1) / f(-2) c(-1 ) h(1) / f(21) c* h(-1)]
 + 8  [f(-11) h(-1) / f(11) h(-1) / f(2) c(1 ) h(-1) / f(-2) c(-1 ) h(1) / f(21) c* h(1)]
 + 9  [f(-11) h(-1) / f(11) h(-1) / f(2) c(1 ) h(1) / f(-2) c(-2 ) h(-1) / f(21) c(2 -1) h(-1)]
 + 11  [f(-11) h(-1) / f(11) h(-1) / f(2) c(1 ) h(1) / f(-2) c(-2 ) h(-1) / f(21) c(2 -1) h(1)]
 + 10  [f(-11) h(-1) / f(11) h(-1) / f(2) c(1 ) h(1) / f(-2) c(-1 ) h(-1) / f(21) c* h(-1)]
 + 12  [f(-11) h(-1) / f(11) h(-1) / f(2) c(1 ) h(1) / f(-2) c(-1 ) h(-1) / f(21) c* h(1)]
 + 13  [f(-11) h(-1) / f(11) h(-1) / f(2) c(1 ) h(1) / f(-2) c(-2 ) h(1) / f(21) c(2 -1) h(-1)]
 + 15  [f(-11) h(-1) / f(11) h(-1) / f(2) c(1 ) h(1) / f(-2) c(-2 ) h(1) / f(21) c(2 -1) h(1)]
 + 14  [f(-11) h(-1) / f(11) h(-1) / f(2) c(1 ) h(1) / f(-2) c(-1 ) h(1) / f(21) c* h(-1)]
 + 16  [f(-11) h(-1) / f(11) h(-1) / f(2) c(1 ) h(1) / f(-2) c(-1 ) h(1) / f(21) c* h(1)]
 + 17  [f(-11) h(-1) / f(11) h(1) / f(2) c(1 ) h(-1) / f(-2) c(-2 ) h(-1) / f(21) c(2 -1) h(-1)]
 + 19  [f(-11) h(-1) / f(11) h(1) / f(2) c(1 ) h(-1) / f(-2) c(-2 ) h(-1) / f(21) c(2 -1) h(1)]
 + 18  [f(-11) h(-1) / f(11) h(1) / f(2) c(1 ) h(-1) / f(-2) c(-1 ) h(-1) / f(21) c* h(-1)]
 + 20  [f(-11) h(-1) / f(11) h(1) / f(2) c(1 ) h(-1) / f(-2) c(-1 ) h(-1) / f(21) c* h(1)]
 + 21  [f(-11) h(-1) / f(11) h(1) / f(2) c(1 ) h(-1) / f(-2) c(-2 ) h(1) / f(21) c(2 -1) h(-1)]
 + 23  [f(-11) h(-1) / f(11) h(1) / f(2) c(1 ) h(-1) / f(-2) c(-2 ) h(1) / f(21) c(2 -1) h(1)]
 + 22  [f(-11) h(-1) / f(11) h(1) / f(2) c(1 ) h(-1) / f(-2) c(-1 ) h(1) / f(21) c* h(-1)]
 + 24  [f(-11) h(-1) / f(11) h(1) / f(2) c(1 ) h(-1) / f(-2) c(-1 ) h(1) / f(21) c* h(1)]
 + 25  [f(-11) h(-1) / f(11) h(1) / f(2) c(1 ) h(1) / f(-2) c(-2 ) h(-1) / f(21) c(2 -1) h(-1)]
 + 27  [f(-11) h(-1) / f(11) h(1) / f(2) c(1 ) h(1) / f(-2) c(-2 ) h(-1) / f(21) c(2 -1) h(1)]
 + 26  [f(-11) h(-1) / f(11) h(1) / f(2) c(1 ) h(1) / f(-2) c(-1 ) h(-1) / f(21) c* h(-1)]
 + 28  [f(-11) h(-1) / f(11) h(1) / f(2) c(1 ) h(1) / f(-2) c(-1 ) h(-1) / f(21) c* h(1)]
 + 29  [f(-11) h(-1) / f(11) h(1) / f(2) c(1 ) h(1) / f(-2) c(-2 ) h(1) / f(21) c(2 -1) h(-1)]
 + 31  [f(-11) h(-1) / f(11) h(1) / f(2) c(1 ) h(1) / f(-2) c(-2 ) h(1) / f(21) c(2 -1) h(1)]
 + 30  [f(-11) h(-1) / f(11) h(1) / f(2) c(1 ) h(1) / f(-2) c(-1 ) h(1) / f(21) c* h(-1)]
 + 32  [f(-11) h(-1) / f(11) h(1) / f(2) c(1 ) h(1) / f(-2) c(-1 ) h(1) / f(21) c* h(1)]
 + 33  [f(-11) h(1) / f(11) h(-1) / f(2) c(1 ) h(-1) / f(-2) c(-2 ) h(-1) / f(21) c(2 -1) h(-1)]
 + 35  [f(-11) h(1) / f(11) h(-1) / f(2) c(1 ) h(-1) / f(-2) c(-2 ) h(-1) / f(21) c(2 -1) h(1)]
 + 34  [f(-11) h(1) / f(11) h(-1) / f(2) c(1 ) h(-1) / f(-2) c(-1 ) h(-1) / f(21) c* h(-1)]
 + 36  [f(-11) h(1) / f(11) h(-1) / f(2) c(1 ) h(-1) / f(-2) c(-1 ) h(-1) / f(21) c* h(1)]
 + 37  [f(-11) h(1) / f(11) h(-1) / f(2) c(1 ) h(-1) / f(-2) c(-2 ) h(1) / f(21) c(2 -1) h(-1)]
 + 39  [f(-11) h(1) / f(11) h(-1) / f(2) c(1 ) h(-1) / f(-2) c(-2 ) h(1) / f(21) c(2 -1) h(1)]
 + 38  [f(-11) h(1) / f(11) h(-1) / f(2) c(1 ) h(-1) / f(-2) c(-1 ) h(1) / f(21) c* h(-1)]
 + 40  [f(-11) h(1) / f(11) h(-1) / f(2) c(1 ) h(-1) / f(-2) c(-1 ) h(1) / f(21) c* h(1)]
 + 41  [f(-11) h(1) / f(11) h(-1) / f(2) c(1 ) h(1) / f(-2) c(-2 ) h(-1) / f(21) c(2 -1) h(-1)]
 + 43  [f(-11) h(1) / f(11) h(-1) / f(2) c(1 ) h(1) / f(-2) c(-2 ) h(-1) / f(21) c(2 -1) h(1)]
 + 42  [f(-11) h(1) / f(11) h(-1) / f(2) c(1 ) h(1) / f(-2) c(-1 ) h(-1) / f(21) c* h(-1)]
 + 44  [f(-11) h(1) / f(11) h(-1) / f(2) c(1 ) h(1) / f(-2) c(-1 ) h(-1) / f(21) c* h(1)]
 + 45  [f(-11) h(1) / f(11) h(-1) / f(2) c(1 ) h(1) / f(-2) c(-2 ) h(1) / f(21) c(2 -1) h(-1)]
 + 47  [f(-11) h(1) / f(11) h(-1) / f(2) c(1 ) h(1) / f(-2) c(-2 ) h(1) / f(21) c(2 -1) h(1)]
 + 46  [f(-11) h(1) / f(11) h(-1) / f(2) c(1 ) h(1) / f(-2) c(-1 ) h(1) / f(21) c* h(-1)]
 + 48  [f(-11) h(1) / f(11) h(-1) / f(2) c(1 ) h(1) / f(-2) c(-1 ) h(1) / f(21) c* h(1)]
 + 49  [f(-11) h(1) / f(11) h(1) / f(2) c(1 ) h(-1) / f(-2) c(-2 ) h(-1) / f(21) c(2 -1) h(-1)]
 + 51  [f(-11) h(1) / f(11) h(1) / f(2) c(1 ) h(-1) / f(-2) c(-2 ) h(-1) / f(21) c(2 -1) h(1)]
 + 50  [f(-11) h(1) / f(11) h(1) / f(2) c(1 ) h(-1) / f(-2) c(-1 ) h(-1) / f(21) c* h(-1)]
 + 52  [f(-11) h(1) / f(11) h(1) / f(2) c(1 ) h(-1) / f(-2) c(-1 ) h(-1) / f(21) c* h(1)]
 + 53  [f(-11) h(1) / f(11) h(1) / f(2) c(1 ) h(-1) / f(-2) c(-2 ) h(1) / f(21) c(2 -1) h(-1)]
 + 55  [f(-11) h(1) / f(11) h(1) / f(2) c(1 ) h(-1) / f(-2) c(-2 ) h(1) / f(21) c(2 -1) h(1)]
 + 54  [f(-11) h(1) / f(11) h(1) / f(2) c(1 ) h(-1) / f(-2) c(-1 ) h(1) / f(21) c* h(-1)]
 + 56  [f(-11) h(1) / f(11) h(1) / f(2) c(1 ) h(-1) / f(-2) c(-1 ) h(1) / f(21) c* h(1)]
 + 57  [f(-11) h(1) / f(11) h(1) / f(2) c(1 ) h(1) / f(-2) c(-2 ) h(-1) / f(21) c(2 -1) h(-1)]
 + 59  [f(-11) h(1) / f(11) h(1) / f(2) c(1 ) h(1) / f(-2) c(-2 ) h(-1) / f(21) c(2 -1) h(1)]
 + 58  [f(-11) h(1) / f(11) h(1) / f(2) c(1 ) h(1) / f(-2) c(-1 ) h(-1) / f(21) c* h(-1)]
 + 60  [f(-11) h(1) / f(11) h(1) / f(2) c(1 ) h(1) / f(-2) c(-1 ) h(-1) / f(21) c* h(1)]
 + 61  [f(-11) h(1) / f(11) h(1) / f(2) c(1 ) h(1) / f(-2) c(-2 ) h(1) / f(21) c(2 -1) h(-1)]
 + 63  [f(-11) h(1) / f(11) h(1) / f(2) c(1 ) h(1) / f(-2) c(-2 ) h(1) / f(21) c(2 -1) h(1)]
 + 62  [f(-11) h(1) / f(11) h(1) / f(2) c(1 ) h(1) / f(-2) c(-1 ) h(1) / f(21) c* h(-1)]
 + 64  [f(-11) h(1) / f(11) h(1) / f(2) c(1 ) h(1) / f(-2) c(-1 ) h(1) / f(21) c* h(1)]
------------------------------------------------------------------------
 Term #3
 + 1  [f(-11) h(-1) / f(11) h(-1) / f(2) c(1 ) h(-1) / f(-2) c(-1 ) h(-1)]
 + 2  [f(-11) h(-1) / f(11) h(-1) / f(2) c(1 ) h(-1) / f(-2) c(-1 ) h(1)]
 + 3  [f(-11) h(-1) / f(11) h(-1) / f(2) c(1 ) h(1) / f(-2) c(-1 ) h(-1)]
 + 4  [f(-11) h(-1) / f(11) h(-1) / f(2) c(1 ) h(1) / f(-2) c(-1 ) h(1)]
 + 5  [f(-11) h(-1) / f(11) h(1) / f(2) c(1 ) h(-1) / f(-2) c(-1 ) h(-1)]
 + 6  [f(-11) h(-1) / f(11) h(1) / f(2) c(1 ) h(-1) / f(-2) c(-1 ) h(1)]
 + 7  [f(-11) h(-1) / f(11) h(1) / f(2) c(1 ) h(1) / f(-2) c(-1 ) h(-1)]
 + 8  [f(-11) h(-1) / f(11) h(1) / f(2) c(1 ) h(1) / f(-2) c(-1 ) h(1)]
 + 9  [f(-11) h(1) / f(11) h(-1) / f(2) c(1 ) h(-1) / f(-2) c(-1 ) h(-1)]
 + 10  [f(-11) h(1) / f(11) h(-1) / f(2) c(1 ) h(-1) / f(-2) c(-1 ) h(1)]
 + 11  [f(-11) h(1) / f(11) h(-1) / f(2) c(1 ) h(1) / f(-2) c(-1 ) h(-1)]
 + 12  [f(-11) h(1) / f(11) h(-1) / f(2) c(1 ) h(1) / f(-2) c(-1 ) h(1)]
 + 13  [f(-11) h(1) / f(11) h(1) / f(2) c(1 ) h(-1) / f(-2) c(-1 ) h(-1)]
 + 14  [f(-11) h(1) / f(11) h(1) / f(2) c(1 ) h(-1) / f(-2) c(-1 ) h(1)]
 + 15  [f(-11) h(1) / f(11) h(1) / f(2) c(1 ) h(1) / f(-2) c(-1 ) h(-1)]
 + 16  [f(-11) h(1) / f(11) h(1) / f(2) c(1 ) h(1) / f(-2) c(-1 ) h(1)]
------------------------------------------------------------------------
 Term #4
 + 1  [f(-11) h(-1) / f(11) h(-1) / f(2) c(1 ) h(-1) / f(-2) c(-1 ) h(-1)]
 + 2  [f(-11) h(-1) / f(11) h(-1) / f(2) c(1 ) h(-1) / f(-2) c(-1 ) h(1)]
 + 3  [f(-11) h(-1) / f(11) h(-1) / f(2) c(1 ) h(1) / f(-2) c(-1 ) h(-1)]
 + 4  [f(-11) h(-1) / f(11) h(-1) / f(2) c(1 ) h(1) / f(-2) c(-1 ) h(1)]
 + 5  [f(-11) h(-1) / f(11) h(1) / f(2) c(1 ) h(-1) / f(-2) c(-1 ) h(-1)]
 + 6  [f(-11) h(-1) / f(11) h(1) / f(2) c(1 ) h(-1) / f(-2) c(-1 ) h(1)]
 + 7  [f(-11) h(-1) / f(11) h(1) / f(2) c(1 ) h(1) / f(-2) c(-1 ) h(-1)]
 + 8  [f(-11) h(-1) / f(11) h(1) / f(2) c(1 ) h(1) / f(-2) c(-1 ) h(1)]
 + 9  [f(-11) h(1) / f(11) h(-1) / f(2) c(1 ) h(-1) / f(-2) c(-1 ) h(-1)]
 + 10  [f(-11) h(1) / f(11) h(-1) / f(2) c(1 ) h(-1) / f(-2) c(-1 ) h(1)]
 + 11  [f(-11) h(1) / f(11) h(-1) / f(2) c(1 ) h(1) / f(-2) c(-1 ) h(-1)]
 + 12  [f(-11) h(1) / f(11) h(-1) / f(2) c(1 ) h(1) / f(-2) c(-1 ) h(1)]
 + 13  [f(-11) h(1) / f(11) h(1) / f(2) c(1 ) h(-1) / f(-2) c(-1 ) h(-1)]
 + 14  [f(-11) h(1) / f(11) h(1) / f(2) c(1 ) h(-1) / f(-2) c(-1 ) h(1)]
 + 15  [f(-11) h(1) / f(11) h(1) / f(2) c(1 ) h(1) / f(-2) c(-1 ) h(-1)]
 + 16  [f(-11) h(1) / f(11) h(1) / f(2) c(1 ) h(1) / f(-2) c(-1 ) h(1)]
###############################################################################
Variable list:
GF =  1.166370000000E-05
mZ =  9.118760000000E+01
mW =  8.037600000000E+01
mH =  1.250000000000E+02
alphas =  1.178000000000E-01
me =  0.000000000000E+00
mmu =  0.000000000000E+00
mtau =  1.777050000000E+00
ms =  9.500000000000E-02
mc =  1.200000000000E+00
mb =  4.800000000000E+00
mtop =  1.731000000000E+02
wtop =  0.000000000000E+00
wZ =  2.495200000000E+00
wW =  2.124000000000E+00
wH =  4.143000000000E-03
khgaz =  0.000000000000E+00
khgaga =  0.000000000000E+00
khgg =  0.000000000000E+00
xi0 =  0.000000000000E+00
xipm =  0.000000000000E+00
v =  2.462205690735E+02
cw =  8.814356337923E-01
sw =  4.723041641582E-01
ee =  3.083570120987E-01
alpha_em_i =  1.321606623053E+02
particle = PDG(0)
D_QUARK = PDG(1)
d = PDG(1)
down = PDG(1)
dbar = PDG(-1)
D = PDG(-1)
d~ = PDG(-1)
U_QUARK = PDG(2)
u = PDG(2)
up = PDG(2)
ubar = PDG(-2)
U = PDG(-2)
u~ = PDG(-2)
S_QUARK = PDG(3)
s = PDG(3)
strange = PDG(3)
sbar = PDG(-3)
S = PDG(-3)
s~ = PDG(-3)
C_QUARK = PDG(4)
c = PDG(4)
charm = PDG(4)
cbar = PDG(-4)
C = PDG(-4)
c~ = PDG(-4)
B_QUARK = PDG(5)
b = PDG(5)
bottom = PDG(5)
bbar = PDG(-5)
B = PDG(-5)
b~ = PDG(-5)
T_QUARK = PDG(6)
t = PDG(6)
top = PDG(6)
tbar = PDG(-6)
T = PDG(-6)
t~ = PDG(-6)
E_LEPTON = PDG(11)
e- = PDG(11)
e1 = PDG(11)
electron = PDG(11)
e = PDG(11)
e+ = PDG(-11)
E1 = PDG(-11)
positron = PDG(-11)
E_NEUTRINO = PDG(12)
nue = PDG(12)
n1 = PDG(12)
nu_e = PDG(12)
ve = PDG(12)
e-neutrino = PDG(12)
nuebar = PDG(-12)
N1 = PDG(-12)
ve~ = PDG(-12)
MU_LEPTON = PDG(13)
mu- = PDG(13)
e2 = PDG(13)
mu = PDG(13)
muon = PDG(13)
mu+ = PDG(-13)
E2 = PDG(-13)
MU_NEUTRINO = PDG(14)
numu = PDG(14)
nu_mu = PDG(14)
n2 = PDG(14)
vm = PDG(14)
mu-neutrino = PDG(14)
numubar = PDG(-14)
N2 = PDG(-14)
vm~ = PDG(-14)
TAU_LEPTON = PDG(15)
tau- = PDG(15)
e3 = PDG(15)
tau = PDG(15)
ta- = PDG(15)
tauon = PDG(15)
tau+ = PDG(-15)
E3 = PDG(-15)
ta+ = PDG(-15)
TAU_NEUTRINO = PDG(16)
nutau = PDG(16)
nu_tau = PDG(16)
n3 = PDG(16)
vt = PDG(16)
tau_neutrino = PDG(16)
nutaubar = PDG(-16)
N3 = PDG(-16)
vt~ = PDG(-16)
GLUON = PDG(21)
gl = PDG(21)
g = PDG(21)
G = PDG(21)
gluon = PDG(21)
PHOTON = PDG(22)
A = PDG(22)
gamma = PDG(22)
photon = PDG(22)
Z_BOSON = PDG(23)
Z = PDG(23)
W_BOSON = PDG(24)
W+ = PDG(24)
Wp = PDG(24)
W- = PDG(-24)
Wm = PDG(-24)
HIGGS = PDG(25)
H = PDG(25)
h = PDG(25)
Higgs = PDG(25)
PROTON = PDG(2212)
p = PDG(2212)
p+ = PDG(2212)
pbar = PDG(-2212)
p- = PDG(-2212)
HADRON_REMNANT = PDG(90)
hr = PDG(90)
HADRON_REMNANT_SINGLET = PDG(91)
hr1 = PDG(91)
HADRON_REMNANT_TRIPLET = PDG(92)
hr3 = PDG(92)
hr3bar = PDG(-92)
HADRON_REMNANT_OCTET = PDG(93)
hr8 = PDG(93)
charged = PDG(1, 2, 3, 4, 5, 6, 11, 13, 15, 24, 2212, -1, -2, -3, -4, -5, -6, -11, -13, -15, -24, -2212)
colored = PDG(1, 2, 3, 4, 5, 6, 21, 92, 93, -1, -2, -3, -4, -5, -6, -92)
?logging = true
seed = 987507785
$model_name = "SM"
[undefined] process_num_id = [unknown integer]
$method = "omega"
?report_progress = true
$restrictions = ""
$omega_flags = ""
?read_color_factors = true
?slha_read_input = true
?slha_read_spectrum = true
?slha_read_decays = false
$library_name = "default_lib"
sqrts =  5.000000000000E+02
luminosity =  0.000000000000E+00
?sf_trace = false
$sf_trace_file = ""
?sf_allow_s_mapping = true
$lhapdf_dir = ""
$lhapdf_file = ""
$lhapdf_photon_file = ""
lhapdf_member = 0
lhapdf_photon_scheme = 0
?hoppet_b_matching = false
isr_alpha =  0.000000000000E+00
isr_q_max =  0.000000000000E+00
isr_mass =  0.000000000000E+00
isr_order = 3
?isr_recoil = false
epa_alpha =  0.000000000000E+00
epa_x_min =  0.000000000000E+00
epa_q_min =  0.000000000000E+00
epa_e_max =  0.000000000000E+00
epa_mass =  0.000000000000E+00
?epa_recoil = false
ewa_x_min =  0.000000000000E+00
ewa_pt_max =  0.000000000000E+00
ewa_mass =  0.000000000000E+00
?ewa_keep_momentum = false
?ewa_keep_energy = false
?circe1_photon1 = false
?circe1_photon2 = false
[undefined] circe1_sqrts = [unknown real]
?circe1_generate = true
?circe1_map = true
circe1_mapping_slope =  2.000000000000E+00
circe1_eps =  1.000000000000E-05
circe1_ver = 0
circe1_rev = 0
$circe1_acc = "SBAND"
circe1_chat = 0
?circe2_polarized = true
[undefined] $circe2_file = [unknown string]
$circe2_design = "*"
[undefined] $beam_events_file = [unknown string]
?beam_events_warn_eof = true
?energy_scan_normalize = false
?alpha_s_is_fixed = false
?alpha_s_from_lhapdf = false
?alpha_s_from_pdf_builtin = false
alpha_s_order = 0
alpha_s_nf = 5
?alpha_s_from_mz = true
?alpha_s_from_lambda_qcd = false
lambda_qcd =  2.000000000000E-01
?fatal_beam_decay = true
?helicity_selection_active = true
helicity_selection_threshold =  1.000000000000E+10
helicity_selection_cutoff = 1000
$rng_method = "tao"
$integration_method = "vamp"
threshold_calls = 10
min_calls_per_channel = 10
min_calls_per_bin = 10
min_bins = 3
max_bins = 20
?stratified = true
?use_vamp_equivalences = false
?vamp_verbose = false
?vamp_history_global = true
?vamp_history_global_verbose = false
?vamp_history_channels = false
?vamp_history_channels_verbose = false
channel_weights_power =  2.500000000000E-01
$phs_method = "default"
?vis_channels = false
?check_phs_file = true
$phs_file = ""
?phs_only = false
phs_threshold_s =  5.000000000000E+01
phs_threshold_t =  1.000000000000E+02
phs_off_shell = 2
phs_t_channel = 6
phs_e_scale =  1.000000000000E+01
phs_m_scale =  1.000000000000E+01
phs_q_scale =  1.000000000000E+01
?phs_keep_nonresonant = true
?phs_step_mapping = true
?phs_step_mapping_exp = true
?phs_s_mapping = true
$run_id = ""
n_calls_test = 0
?integration_timer = true
?check_grid_file = true
accuracy_goal =  0.000000000000E+00
error_goal =  0.000000000000E+00
relative_error_goal =  0.000000000000E+00
error_threshold =  0.000000000000E+00
?vis_history = false
?diags = false
?diags_color = false
?check_event_file = true
$event_file_version = ""
n_events = 10000
?unweighted = true
safety_factor =  1.000000000000E+00
?negative_weights = false
?keep_beams = false
?recover_beams = true
?update_event = false
?update_sqme = false
?update_weight = false
?allow_decays = true
?auto_decays = false
auto_decays_multiplicity = 2
?auto_decays_radiative = false
?decay_rest_frame = false
?isotropic_decay = false
?diagonal_decay = false
$sample = ""
$sample_normalization = "auto"
?sample_pacify = false
sample_max_tries = 10000
sample_split_n_evt = 0
sample_split_index = 0
$rescan_input_format = "raw"
?read_raw = true
?write_raw = true
$extension_raw = "evx"
$extension_default = "evt"
$debug_extension = "debug"
?debug_process = true
?debug_transforms = true
?debug_decay = true
?debug_verbose = true
$extension_hepevt = "hepevt"
$extension_ascii_short = "short.evt"
$extension_ascii_long = "long.evt"
$extension_athena = "athena.evt"
$extension_mokka = "mokka.evt"
$lhef_version = "2.0"
$lhef_extension = "lhe"
?lhef_write_sqme_prc = true
?lhef_write_sqme_ref = false
?lhef_write_sqme_alt = true
$extension_lha = "lha"
$extension_hepmc = "hepmc"
$extension_lcio = "slcio"
$extension_stdhep = "hep"
$extension_stdhep_up = "up.hep"
$extension_hepevt_verb = "hepevt.verb"
$extension_lha_verb = "lha.verb"
n_bins = 20
?normalize_bins = false
$obs_label = ""
$obs_unit = ""
$title = ""
$description = ""
$x_label = ""
$y_label = ""
graph_width_mm = 130
graph_height_mm = 90
?y_log = false
?x_log = false
[undefined] x_min = [unknown real]
[undefined] x_max = [unknown real]
[undefined] y_min = [unknown real]
[undefined] y_max = [unknown real]
$gmlcode_bg = ""
$gmlcode_fg = ""
[undefined] ?draw_histogram = [unknown logical]
[undefined] ?draw_base = [unknown logical]
[undefined] ?draw_piecewise = [unknown logical]
[undefined] ?fill_curve = [unknown logical]
[undefined] ?draw_curve = [unknown logical]
[undefined] ?draw_errors = [unknown logical]
[undefined] ?draw_symbols = [unknown logical]
[undefined] $fill_options = [unknown string]
[undefined] $draw_options = [unknown string]
[undefined] $err_options = [unknown string]
[undefined] $symbol = [unknown string]
tolerance =  0.000000000000E+00
checkpoint = 500
?pacify = false
$out_file = ""
?out_advance = true
real_range = 307
real_precision = 15
real_epsilon =  2.220446049250E-16
real_tiny =  2.225073858507-308
kt_algorithm = 0
cambridge_algorithm = 1
antikt_algorithm = 2
genkt_algorithm = 3
cambridge_for_passive_algorithm = 11
genkt_for_passive_algorithm = 13
ee_kt_algorithm = 50
ee_genkt_algorithm = 53
plugin_algorithm = 99
undefined_jet_algorithm = 999
jet_algorithm = 999
jet_r =  0.000000000000E+00
?polarized_events = false
?allow_shower = true
?ps_fsr_active = false
?ps_use_PYTHIA_shower = false
?ps_PYTHIA_verbose = false
$ps_PYTHIA_PYGIVE = ""
?ps_isr_active = false
ps_mass_cutoff =  1.000000000000E+00
ps_fsr_lambda =  2.900000000000E-01
ps_isr_lambda =  2.900000000000E-01
ps_max_n_flavors = 5
?ps_isr_alpha_s_running = true
?ps_fsr_alpha_s_running = true
ps_fixed_alpha_s =  0.000000000000E+00
?ps_isr_pt_ordered = false
?ps_isr_angular_ordered = true
ps_isr_primordial_kt_width =  0.000000000000E+00
ps_isr_primordial_kt_cutoff =  5.000000000000E+00
ps_isr_z_cutoff =  9.990000000000E-01
ps_isr_minenergy =  1.000000000000E+00
ps_isr_tscalefactor =  1.000000000000E+00
?ps_isr_only_onshell_emitted_partons = false
?hadronization_active = false
?mlm_matching = false
mlm_Qcut_ME =  0.000000000000E+00
mlm_Qcut_PS =  0.000000000000E+00
mlm_ptmin =  0.000000000000E+00
mlm_etamax =  0.000000000000E+00
mlm_Rmin =  0.000000000000E+00
mlm_Emin =  0.000000000000E+00
mlm_nmaxMEjets = 0
mlm_ETclusfactor =  2.000000000000E-01
mlm_ETclusminE =  5.000000000000E+00
mlm_etaclusfactor =  1.000000000000E+00
mlm_Rclusfactor =  1.000000000000E+00
mlm_Eclusfactor =  1.000000000000E+00
?ckkw_matching = false
?powheg_matching = true
?muli_active = false
$pdf_builtin_set = "CTEQ6L"
?omega_openmp = false
?openmp_is_active = false
openmp_num_threads_default = 1
openmp_num_threads = 1
?openmp_logging = true
?use_gosam_loops = true
?use_gosam_correlations = false
?use_gosam_real_trees = false
fks_dij_exp1 =  1.000000000000E+00
fks_dij_exp2 =  1.000000000000E+00
fks_mapping_type = 1
alpha_power = 2
alphas_power = 0
powheg_grid_size_xi = 1
powheg_grid_size_y = 1
powheg_grid_sampling_points = 500000
powheg_pt_min =  1.000000000000E+00
powheg_lambda =  2.000000000000E-01
?rebuild_powheg_grids = false
?combined_nlo_integration = true
$fc = "gfortran"
$fcflags = "  -g -O2"
?rebuild_library = false
?recompile_library = false
?rebuild_phase_space = false
?rebuild_grids = false
?rebuild_events = true
[user variable] K = 1000
[undefined] num_id(whizard_uu_powheg) = [unknown integer]
[undefined] integral(whizard_uu_powheg) = [unknown real]
[undefined] error(whizard_uu_powheg) = [unknown real]
###############################################################################
